<?xml version="1.0" encoding="UTF-8"?>
<!-- Generated by org.testng.reporters.JUnitXMLReporter -->
<testsuite hostname="DESKTOP-B2220QC" ignored="0" name="Test" tests="2" failures="1" timestamp="27 Oct 2020 13:32:08 GMT" time="24.861" errors="0">
  <testcase name="verifydashboard" time="2.18" classname="testClass_pacakge.TestClass"/>
  <testcase name="verifyorder" time="2.109" classname="testClass_pacakge.TestClass">
    <failure type="java.lang.AssertionError" message="null">
      <![CDATA[java.lang.AssertionError: null
at testClass_pacakge.TestClass.verifyorder(TestClass.java:84)
... Removed 27 stack frames]]>
    </failure>
  </testcase> <!-- verifyorder -->
</testsuite> <!-- Test -->
